Image directory 'D:\SchnableLab\JamesLab\Zootils\test\img' does not exist
Creating new subject set
Creating new subject set
Creating new subject set
Generating manifest
Manifest being generated with fields: [ id, filename ]
DONE: 16 subjects written to manifest
Loading images fom manifest.
Error on row: OrderedDict([('id', '122218-103723-0000'), ('filename', 'D:\\SchnableLab\\JamesLab\\Zootilsdir\\test\\img\\282_CM001__2017-08-13__False (2).jpg')])
> User has uploaded 10113 subjects of 10000 maximum
Error on row: OrderedDict([('id', '122218-103723-0001'), ('filename', 'D:\\SchnableLab\\JamesLab\\Zootilsdir\\test\\img\\282_CM001__2017-08-13__False (3).jpg')])
> User has uploaded 10113 subjects of 10000 maximum
Error on row: OrderedDict([('id', '122218-103723-0002'), ('filename', 'D:\\SchnableLab\\JamesLab\\Zootilsdir\\test\\img\\282_CM001__2017-08-13__False (4).jpg')])
> User has uploaded 10113 subjects of 10000 maximum
Error on row: OrderedDict([('id', '122218-103723-0003'), ('filename', 'D:\\SchnableLab\\JamesLab\\Zootilsdir\\test\\img\\282_CM001__2017-08-13__False (5).jpg')])
> User has uploaded 10113 subjects of 10000 maximum
Error on row: OrderedDict([('id', '122218-103723-0004'), ('filename', 'D:\\SchnableLab\\JamesLab\\Zootilsdir\\test\\img\\282_CM001__2017-08-13__False (6).jpg')])
> User has uploaded 10113 subjects of 10000 maximum
Error on row: OrderedDict([('id', '122218-103723-0005'), ('filename', 'D:\\SchnableLab\\JamesLab\\Zootilsdir\\test\\img\\282_CM001__2017-08-13__False (7).jpg')])
> User has uploaded 10113 subjects of 10000 maximum
Error on row: OrderedDict([('id', '122218-103723-0006'), ('filename', 'D:\\SchnableLab\\JamesLab\\Zootilsdir\\test\\img\\282_CM001__2017-08-13__False (8).jpg')])
> User has uploaded 10113 subjects of 10000 maximum
Error on row: OrderedDict([('id', '122218-103723-0007'), ('filename', 'D:\\SchnableLab\\JamesLab\\Zootilsdir\\test\\img\\282_CM001__2017-08-13__False.jpg')])
> User has uploaded 10113 subjects of 10000 maximum
Error on row: OrderedDict([('id', '122218-103723-0008'), ('filename', 'D:\\SchnableLab\\JamesLab\\Zootilsdir\\test\\img\\282_CM001__2017-08-13__False.png')])
> User has uploaded 10113 subjects of 10000 maximum
Error on row: OrderedDict([('id', '122218-103723-0009'), ('filename', 'D:\\SchnableLab\\JamesLab\\Zootilsdir\\test\\img\\284_CM003__2017-08-19__True.png')])
> User has uploaded 10113 subjects of 10000 maximum
Error on row: OrderedDict([('id', '122218-103723-0010'), ('filename', 'D:\\SchnableLab\\JamesLab\\Zootilsdir\\test\\img\\285_CM004__2017-08-16__True.png')])
> User has uploaded 10113 subjects of 10000 maximum
Error on row: OrderedDict([('id', '122218-103723-0011'), ('filename', 'D:\\SchnableLab\\JamesLab\\Zootilsdir\\test\\img\\285_CM004__2017-08-23__True.png')])
> User has uploaded 10113 subjects of 10000 maximum
Error on row: OrderedDict([('id', '122218-103723-0012'), ('filename', 'D:\\SchnableLab\\JamesLab\\Zootilsdir\\test\\img\\288_CM006__2017-08-27__True.png')])
> User has uploaded 10113 subjects of 10000 maximum
Error on row: OrderedDict([('id', '122218-103723-0013'), ('filename', 'D:\\SchnableLab\\JamesLab\\Zootilsdir\\test\\img\\289_CM007__2017-08-21__True.png')])
> User has uploaded 10113 subjects of 10000 maximum
Error on row: OrderedDict([('id', '122218-103723-0014'), ('filename', 'D:\\SchnableLab\\JamesLab\\Zootilsdir\\test\\img\\289_CM007__2017-08-27__True.png')])
> User has uploaded 10113 subjects of 10000 maximum
Error on row: OrderedDict([('id', '122218-103723-0015'), ('filename', 'D:\\SchnableLab\\JamesLab\\Zootilsdir\\test\\img\\290_CM008__2017-08-01__False.png')])
> User has uploaded 10113 subjects of 10000 maximum
Creating new subject set
Loading images fom manifest.
Error on row: OrderedDict([('id', '122218-103723-0000'), ('filename', 'D:\\SchnableLab\\JamesLab\\Zootilsdir\\test\\img\\282_CM001__2017-08-13__False (2).jpg')])
> User has uploaded 12738 subjects of 10000 maximum
Error on row: OrderedDict([('id', '122218-103723-0001'), ('filename', 'D:\\SchnableLab\\JamesLab\\Zootilsdir\\test\\img\\282_CM001__2017-08-13__False (3).jpg')])
> User has uploaded 12738 subjects of 10000 maximum
Error on row: OrderedDict([('id', '122218-103723-0002'), ('filename', 'D:\\SchnableLab\\JamesLab\\Zootilsdir\\test\\img\\282_CM001__2017-08-13__False (4).jpg')])
> User has uploaded 12738 subjects of 10000 maximum
Error on row: OrderedDict([('id', '122218-103723-0003'), ('filename', 'D:\\SchnableLab\\JamesLab\\Zootilsdir\\test\\img\\282_CM001__2017-08-13__False (5).jpg')])
> User has uploaded 12738 subjects of 10000 maximum
Error on row: OrderedDict([('id', '122218-103723-0004'), ('filename', 'D:\\SchnableLab\\JamesLab\\Zootilsdir\\test\\img\\282_CM001__2017-08-13__False (6).jpg')])
> User has uploaded 12738 subjects of 10000 maximum
Error on row: OrderedDict([('id', '122218-103723-0005'), ('filename', 'D:\\SchnableLab\\JamesLab\\Zootilsdir\\test\\img\\282_CM001__2017-08-13__False (7).jpg')])
> User has uploaded 12738 subjects of 10000 maximum
Error on row: OrderedDict([('id', '122218-103723-0006'), ('filename', 'D:\\SchnableLab\\JamesLab\\Zootilsdir\\test\\img\\282_CM001__2017-08-13__False (8).jpg')])
> User has uploaded 12738 subjects of 10000 maximum
Error on row: OrderedDict([('id', '122218-103723-0007'), ('filename', 'D:\\SchnableLab\\JamesLab\\Zootilsdir\\test\\img\\282_CM001__2017-08-13__False.jpg')])
> User has uploaded 12738 subjects of 10000 maximum
Error on row: OrderedDict([('id', '122218-103723-0008'), ('filename', 'D:\\SchnableLab\\JamesLab\\Zootilsdir\\test\\img\\282_CM001__2017-08-13__False.png')])
> User has uploaded 12738 subjects of 10000 maximum
Error on row: OrderedDict([('id', '122218-103723-0009'), ('filename', 'D:\\SchnableLab\\JamesLab\\Zootilsdir\\test\\img\\284_CM003__2017-08-19__True.png')])
> User has uploaded 12738 subjects of 10000 maximum
Error on row: OrderedDict([('id', '122218-103723-0010'), ('filename', 'D:\\SchnableLab\\JamesLab\\Zootilsdir\\test\\img\\285_CM004__2017-08-16__True.png')])
> User has uploaded 12738 subjects of 10000 maximum
Error on row: OrderedDict([('id', '122218-103723-0011'), ('filename', 'D:\\SchnableLab\\JamesLab\\Zootilsdir\\test\\img\\285_CM004__2017-08-23__True.png')])
> User has uploaded 12738 subjects of 10000 maximum
Error on row: OrderedDict([('id', '122218-103723-0012'), ('filename', 'D:\\SchnableLab\\JamesLab\\Zootilsdir\\test\\img\\288_CM006__2017-08-27__True.png')])
> User has uploaded 12738 subjects of 10000 maximum
Error on row: OrderedDict([('id', '122218-103723-0013'), ('filename', 'D:\\SchnableLab\\JamesLab\\Zootilsdir\\test\\img\\289_CM007__2017-08-21__True.png')])
> User has uploaded 12738 subjects of 10000 maximum
Error on row: OrderedDict([('id', '122218-103723-0014'), ('filename', 'D:\\SchnableLab\\JamesLab\\Zootilsdir\\test\\img\\289_CM007__2017-08-27__True.png')])
> User has uploaded 12738 subjects of 10000 maximum
Error on row: OrderedDict([('id', '122218-103723-0015'), ('filename', 'D:\\SchnableLab\\JamesLab\\Zootilsdir\\test\\img\\290_CM008__2017-08-01__False.png')])
> User has uploaded 12738 subjects of 10000 maximum
Creating new subject set
Could not set subject set display name
> You must be logged in to access this resource.
Creating new subject set
Loading images fom manifest.
Error on row: OrderedDict([('id', '122218-103723-0000'), ('filename', 'D:\\SchnableLab\\JamesLab\\Zootilsdir\\test\\img\\282_CM001__2017-08-13__False (2).jpg')])
> {"links"=>"did not contain a required property of 'project'"}
Error on row: OrderedDict([('id', '122218-103723-0001'), ('filename', 'D:\\SchnableLab\\JamesLab\\Zootilsdir\\test\\img\\282_CM001__2017-08-13__False (3).jpg')])
> {"links"=>"did not contain a required property of 'project'"}
Error on row: OrderedDict([('id', '122218-103723-0002'), ('filename', 'D:\\SchnableLab\\JamesLab\\Zootilsdir\\test\\img\\282_CM001__2017-08-13__False (4).jpg')])
> {"links"=>"did not contain a required property of 'project'"}
Error on row: OrderedDict([('id', '122218-103723-0003'), ('filename', 'D:\\SchnableLab\\JamesLab\\Zootilsdir\\test\\img\\282_CM001__2017-08-13__False (5).jpg')])
> {"links"=>"did not contain a required property of 'project'"}
Error on row: OrderedDict([('id', '122218-103723-0004'), ('filename', 'D:\\SchnableLab\\JamesLab\\Zootilsdir\\test\\img\\282_CM001__2017-08-13__False (6).jpg')])
> {"links"=>"did not contain a required property of 'project'"}
Error on row: OrderedDict([('id', '122218-103723-0005'), ('filename', 'D:\\SchnableLab\\JamesLab\\Zootilsdir\\test\\img\\282_CM001__2017-08-13__False (7).jpg')])
> {"links"=>"did not contain a required property of 'project'"}
Error on row: OrderedDict([('id', '122218-103723-0006'), ('filename', 'D:\\SchnableLab\\JamesLab\\Zootilsdir\\test\\img\\282_CM001__2017-08-13__False (8).jpg')])
> {"links"=>"did not contain a required property of 'project'"}
Error on row: OrderedDict([('id', '122218-103723-0007'), ('filename', 'D:\\SchnableLab\\JamesLab\\Zootilsdir\\test\\img\\282_CM001__2017-08-13__False.jpg')])
> {"links"=>"did not contain a required property of 'project'"}
Error on row: OrderedDict([('id', '122218-103723-0008'), ('filename', 'D:\\SchnableLab\\JamesLab\\Zootilsdir\\test\\img\\282_CM001__2017-08-13__False.png')])
> {"links"=>"did not contain a required property of 'project'"}
Error on row: OrderedDict([('id', '122218-103723-0009'), ('filename', 'D:\\SchnableLab\\JamesLab\\Zootilsdir\\test\\img\\284_CM003__2017-08-19__True.png')])
> {"links"=>"did not contain a required property of 'project'"}
Error on row: OrderedDict([('id', '122218-103723-0010'), ('filename', 'D:\\SchnableLab\\JamesLab\\Zootilsdir\\test\\img\\285_CM004__2017-08-16__True.png')])
> {"links"=>"did not contain a required property of 'project'"}
Error on row: OrderedDict([('id', '122218-103723-0011'), ('filename', 'D:\\SchnableLab\\JamesLab\\Zootilsdir\\test\\img\\285_CM004__2017-08-23__True.png')])
> {"links"=>"did not contain a required property of 'project'"}
Error on row: OrderedDict([('id', '122218-103723-0012'), ('filename', 'D:\\SchnableLab\\JamesLab\\Zootilsdir\\test\\img\\288_CM006__2017-08-27__True.png')])
> {"links"=>"did not contain a required property of 'project'"}
Error on row: OrderedDict([('id', '122218-103723-0013'), ('filename', 'D:\\SchnableLab\\JamesLab\\Zootilsdir\\test\\img\\289_CM007__2017-08-21__True.png')])
> {"links"=>"did not contain a required property of 'project'"}
Error on row: OrderedDict([('id', '122218-103723-0014'), ('filename', 'D:\\SchnableLab\\JamesLab\\Zootilsdir\\test\\img\\289_CM007__2017-08-27__True.png')])
> {"links"=>"did not contain a required property of 'project'"}
Error on row: OrderedDict([('id', '122218-103723-0015'), ('filename', 'D:\\SchnableLab\\JamesLab\\Zootilsdir\\test\\img\\290_CM008__2017-08-01__False.png')])
> {"links"=>"did not contain a required property of 'project'"}
Creating new subject set
Loading images fom manifest.
Creating new subject set
Loading images fom manifest.
Creating new subject set
Loading images fom manifest.
Creating new subject set
Loading images fom manifest.
Creating new subject set
Loading images fom manifest.
Creating new subject set
Loading images fom manifest.
Creating new subject set
Loading images fom manifest.
Creating new subject set
Loading images fom manifest.
Creating new subject set
Loading images fom manifest.
Upload completed at 12/22/18 11:21:43
0 of 0 images loaded
Remember to link your workflow to this subject set
Creating new subject set
Could not set subject set display name
Creating new subject set
Could not set subject set display name
> Validation failed: Display name has already been taken
Loading images fom manifest.
Upload completed at: 11:23:48 12/22/18
16 of 16 images loaded
Remember to link your workflow to this subject set
Creating new subject set
Could not set subject set display name
> Validation failed: Display name has already been taken
Could not set subject set display name
> Validation failed: Display name has already been taken
Loading images fom manifest...
Upload completed at: 11:24:59 12/22/18
16 of 16 images loaded
Remember to link your workflow to this subject set
Creating new subject set
Loading images fom manifest...
Upload completed at: 11:28:39 12/22/18
16 of 16 images loaded
Remember to link your workflow to this subject set
Creating new subject set
Loading images fom manifest...
Upload completed at: 11:29:12 12/22/18
16 of 16 images loaded
Remember to link your workflow to this subject set
Creating new subject set
Loading images fom manifest...
Upload completed at: 11:31:15 12/22/18
16 of 16 images loaded
Remember to link your workflow to this subject set
Creating new subject set
Loading images fom manifest...
1- 282_CM001__2017-08-13__False (2).jpg - success.
2- 282_CM001__2017-08-13__False (3).jpg - success.
3- 282_CM001__2017-08-13__False (4).jpg - success.
4- 282_CM001__2017-08-13__False (5).jpg - success.
5- 282_CM001__2017-08-13__False (6).jpg - success.
6- 282_CM001__2017-08-13__False (7).jpg - success.
7- 282_CM001__2017-08-13__False (8).jpg - success.
8- 282_CM001__2017-08-13__False.jpg - success.
9- 282_CM001__2017-08-13__False.png - success.
10- 284_CM003__2017-08-19__True.png - success.
11- 285_CM004__2017-08-16__True.png - success.
12- 285_CM004__2017-08-23__True.png - success.
13- 288_CM006__2017-08-27__True.png - success.
14- 289_CM007__2017-08-21__True.png - success.
15- 289_CM007__2017-08-27__True.png - success.
16- 290_CM008__2017-08-01__False.png - success.
Upload completed at: 11:32:50 12/22/18
16 of 16 images loaded
Remember to link your workflow to this subject set
