Manifest being generated with fields: [ id, filename ]
Manifest generated for 0 files.
Manifest being generated with fields: [ id, filename ]
Manifest generated for 0 files.
panoptes_client package could not be imported. To install use:
> pip install panoptes-client
Or activate your panoptes-client enabled anaconda environment
panoptes_client package could not be imported. To install use:
> pip install panoptes-client
Or activate your panoptes-client enabled anaconda environment
panoptes_client package could not be imported. To install use:
> pip install panoptes-client
Or activate your panoptes-client enabled anaconda environment
Manifest being generated with fields: [ id, filename ]
Manifest generated for 0 files.
Manifest being generated with fields: [ id, filename ]
Manifest generated for 0 files.
Manifest being generated with fields: [ id, filename ]
Manifest generated for 0 files.
Manifest being generated with fields: [ id, filename ]
Manifest generated for 0 files.
Manifest being generated with fields: [ id, filename ]
Manifest being generated with fields: [ id, filename ]
Manifest generated for 4 files.
Manifest being generated with fields: [ id, filename ]
Manifest generated for 4 files.
Manifest being generated with fields: [ id, filename ]
Manifest generated for 4 files.
Manifest being generated with fields: [ id, filename ]
Manifest generated for 4 files.
Manifest being generated with fields: [ id, filename ]
Manifest generated for 4 files.
Manifest being generated with fields: [ id, filename ]
Manifest generated for 4 files.
Manifest being generated with fields: [ id, filename ]
Manifest generated for 4 files.
Manifest being generated with fields: [ id, filename ]
Manifest generated for 4 files.
Manifest being generated with fields: [ id, filename ]
Manifest generated for 4 files.
Manifest being generated with fields: [ id, filename ]
Manifest generated for 4 files.
Manifest being generated with fields: [ id, filename ]
Manifest generated for 4 files.
Manifest being generated with fields: [ id, filename ]
Manifest generated for 4 files.
Manifest being generated with fields: [ id, filename ]
Manifest generated for 4 files.
Manifest being generated with fields: [ id, filename ]
Manifest generated for 4 files.
Manifest being generated with fields: [ id, filename ]
Manifest generated for 4 files.
Logging in as fubar
Manifest being generated with fields: [ id, filename ]
Manifest generated for 4 files.
Logging in as fubar
PanoptesAPIException: Invalid email or password.
Manifest being generated with fields: [ id, filename ]
Manifest generated for 4 files.
Logging in as fubar
PanoptesAPIException: Invalid email or password.
Manifest being generated with fields: [ id, filename ]
Manifest generated for 4 files.
Logging in as fubar
PanoptesAPIException: Invalid email or password.
Manifest being generated with fields: [ id, filename ]
Manifest generated for 4 files.
Manifest being generated with fields: [ id, filename ]
Manifest generated for 4 files.
Logging in as fubar
PanoptesAPIException: Invalid email or password.
Manifest being generated with fields: [ id, filename ]
Manifest generated for 4 files.
Logging in as fubar
PanoptesAPIException: Invalid email or password.
Manifest being generated with fields: [ id, filename ]
Manifest generated for 4 files.
Logging in as fubar
PanoptesAPIException: Invalid email or password.
Logging in as alejandro
PanoptesAPIException: Invalid email or password.
Manifest being generated with fields: [ id, filename ]
Manifest generated for 4 files.
Logging in as fubar
PanoptesAPIException: Invalid email or password.
Logging in as alejandro
PanoptesAPIException: Invalid email or password.
Manifest being generated with fields: [ id, filename ]
Manifest generated for 4 files.
Logging in as fubar
PanoptesAPIException: Invalid email or password.
Logging in as alejandropages
Creating new subject set
Manifest being generated with fields: [ id, filename ]
Manifest generated for 4 files.
Logging in as fubar
PanoptesAPIException: Invalid email or password.
Manifest being generated with fields: [ id, filename ]
Manifest generated for 4 files.
Logging in as fubar
PanoptesAPIException: Invalid email or password.
Logging in as alejandropages
Creating new subject set
Manifest being generated with fields: [ id, filename ]
Manifest generated for 4 files.
Logging in as fubar
PanoptesAPIException: Invalid email or password.
Logging in as alejandropages
Creating new subject set
Manifest being generated with fields: [ id, filename ]
Manifest generated for 4 files.
Logging in as fubar
PanoptesAPIException: Invalid email or password.
Manifest being generated with fields: [ id, filename ]
Manifest generated for 4 files.
Logging in as fubar
PanoptesAPIException: Invalid email or password.
Logging in as alejandropages
Creating new subject set
Manifest being generated with fields: [ id, filename ]
Manifest generated for 4 files.
Logging in as fubar
PanoptesAPIException: Invalid email or password.
Logging in as alejandropages
Creating new subject set
Manifest being generated with fields: [ id, filename ]
Manifest generated for 4 files.
Logging in as fubar
PanoptesAPIException: Invalid email or password.
Logging in as alejandropages
Creating new subject set
Manifest being generated with fields: [ id, filename ]
Manifest generated for 4 files.
Logging in as fubar
PanoptesAPIException: Invalid email or password.
Logging in as alejandropages
Creating new subject set
Manifest being generated with fields: [ id, filename ]
Manifest generated for 4 files.
Logging in as fubar
PanoptesAPIException: Invalid email or password.
Logging in as alejandropages
Creating new subject set
Manifest being generated with fields: [ id, filename ]
Manifest generated for 4 files.
Logging in as fubar
PanoptesAPIException: Invalid email or password.
Logging in as alejandropages
Creating new subject set
Manifest being generated with fields: [ id, filename ]
Manifest generated for 4 files.
Logging in as fubar
PanoptesAPIException: Invalid email or password.
Logging in as alejandropages
Creating new subject set
Manifest being generated with fields: [ id, filename ]
Manifest generated for 4 files.
Logging in as fubar
PanoptesAPIException: Invalid email or password.
Logging in as alejandropages
Creating new subject set
Manifest being generated with fields: [ id, filename ]
Manifest generated for 4 files.
Logging in as fubar
PanoptesAPIException: Invalid email or password.
Logging in as alejandropages
Creating new subject set
Manifest being generated with fields: [ id, filename ]
Manifest generated for 4 files.
Logging in as fubar
PanoptesAPIException: Invalid email or password.
Logging in as alejandropages
Creating new subject set
PanoptesAPIException: Validation failed: Display name has already been taken
Manifest being generated with fields: [ id, filename ]
Manifest generated for 4 files.
Logging in as fubar
PanoptesAPIException: Invalid email or password.
Logging in as alejandropages
Creating new subject set
Manifest being generated with fields: [ id, filename ]
Manifest generated for 4 files.
Logging in as fubar
PanoptesAPIException: Invalid email or password.
Logging in as alejandropages
Creating new subject set
Manifest being generated with fields: [ id, filename ]
Manifest generated for 4 files.
Logging in as fubar
PanoptesAPIException: Invalid email or password.
Logging in as alejandropages
Creating new subject set
Subject set display name already taken
PanoptesAPIException: Validation failed: Display name has already been taken
Manifest being generated with fields: [ id, filename ]
Manifest generated for 4 files.
Logging in as fubar
PanoptesAPIException: Invalid email or password.
Logging in as alejandropages
Creating new subject set
Subject set display name already taken
PanoptesAPIException: Validation failed: Display name has already been taken
